./oss: [PROC CREATE] pid: 21978

./oss: [PROC CREATE] pid: 21979

./oss: [REQUEST] pid: 21979 proc: resID: 1
	-> [REQUEST] pid: 21979 request fulfilled...

./oss: [REQUEST] pid: 21978 proc: resID: 0
	-> [REQUEST] pid: 21978 request fulfilled...

./oss: [TERMINATE] pid: 21979 proc: 1

./oss: [PROC CREATE] pid: 21980

./oss: [REQUEST] pid: 21978 proc: resID: 0
	-> [REQUEST] pid: 21978 request fulfilled...

./oss: [REQUEST] pid: 21978 proc: resID: 0
	-> [REQUEST] pid: 21978 request fulfilled...

./oss: [REQUEST] pid: 21978 proc: resID: 0
	-> [REQUEST] pid: 21978 request fulfilled...

./oss: [RELEASE] pid: 21978 proc: 0  resID: 1

./oss: [REQUEST] pid: 21978 proc: resID: 0
	-> [REQUEST] pid: 21978 request fulfilled...

./oss: [REQUEST] pid: 21980 proc: resID: 1
	-> [REQUEST] pid: 21980 request fulfilled...

./oss: [PROC CREATE] pid: 21981

./oss: [REQUEST] pid: 21978 proc: resID: 0
	-> [REQUEST] pid: 21978 request fulfilled...

./oss: [REQUEST] pid: 21981 proc: resID: 2
	-> [REQUEST] pid: 21981 request fulfilled...

./oss: [RELEASE] pid: 21981 proc: 2  resID: 3

./oss: [REQUEST] pid: 21980 proc: resID: 1
	-> [REQUEST] pid: 21980 request fulfilled...

./oss: [REQUEST] pid: 21980 proc: resID: 1
	-> [REQUEST] pid: 21980 request fulfilled...

./oss: [REQUEST] pid: 21981 proc: resID: 2
	-> [REQUEST] pid: 21981 request fulfilled...

./oss: [REQUEST] pid: 21980 proc: resID: 1
	-> [REQUEST] pid: 21980 request fulfilled...

./oss: [PROC CREATE] pid: 21982

./oss: [REQUEST] pid: 21978 proc: resID: 0
	-> [REQUEST] pid: 21978 request fulfilled...

./oss: [RELEASE] pid: 21981 proc: 2  resID: 2

./oss: [PROC CREATE] pid: 21983

./oss: [PROC CREATE] pid: 21984

./oss: [RELEASE] pid: 21978 proc: 0  resID: 5

./oss: [REQUEST] pid: 21980 proc: resID: 1
	-> [REQUEST] pid: 21980 request fulfilled...

./oss: [RELEASE] pid: 21978 proc: 0  resID: 8

./oss: [REQUEST] pid: 21983 proc: resID: 4
	-> [REQUEST] pid: 21983 request fulfilled...

./oss: [REQUEST] pid: 21978 proc: resID: 0
	-> [REQUEST] pid: 21978 request fulfilled...

./oss: [REQUEST] pid: 21980 proc: resID: 1
	-> [REQUEST] pid: 21980 request fulfilled...

./oss: [REQUEST] pid: 21981 proc: resID: 2
	-> [REQUEST] pid: 21981 request fulfilled...

./oss: [REQUEST] pid: 21983 proc: resID: 4
	-> [REQUEST] pid: 21983 request unfulfilled...

./oss: [REQUEST] pid: 21984 proc: resID: 5
	-> [REQUEST] pid: 21984 request fulfilled...

./oss: [REQUEST] pid: 21978 proc: resID: 0
	-> [REQUEST] pid: 21978 request fulfilled...

./oss: [REQUEST] pid: 21980 proc: resID: 1
	-> [REQUEST] pid: 21980 request fulfilled...

./oss: [REQUEST] pid: 21982 proc: resID: 3
	-> [REQUEST] pid: 21982 request fulfilled...

./oss: [REQUEST] pid: 21981 proc: resID: 2
	-> [REQUEST] pid: 21981 request fulfilled...

./oss: [PROC CREATE] pid: 21985

./oss: [REQUEST] pid: 21984 proc: resID: 5
	-> [REQUEST] pid: 21984 request fulfilled...

./oss: [RELEASE] pid: 21978 proc: 0  resID: 9

./oss: [REQUEST] pid: 21984 proc: resID: 5
	-> [REQUEST] pid: 21984 request unfulfilled...

./oss: [RELEASE] pid: 21982 proc: 3  resID: 13

./oss: [RELEASE] pid: 21980 proc: 1  resID: 4

./oss: [RELEASE] pid: 21981 proc: 2  resID: 4

./oss: [RELEASE] pid: 21978 proc: 0  resID: 12

./oss: [REQUEST] [QUEUE] pid: 21978 request fulfilled...

./oss: [REQUEST] pid: 21985 proc: resID: 6
	-> [REQUEST] pid: 21985 request fulfilled...

./oss: [REQUEST] pid: 21978 proc: resID: 0
	-> [REQUEST] pid: 21978 request fulfilled...

./oss: [RELEASE] pid: 21983 proc: 4  resID: 10

./oss: [REQUEST] pid: 21985 proc: resID: 6
	-> [REQUEST] pid: 21985 request fulfilled...

./oss: [REQUEST] pid: 21982 proc: resID: 3
	-> [REQUEST] pid: 21982 request fulfilled...

./oss: [PROC CREATE] pid: 21986

./oss: [PROC CREATE] pid: 21987

./oss: [RELEASE] pid: 21981 proc: 2  resID: 15

./oss: [REQUEST] pid: 21981 proc: resID: 2
	-> [REQUEST] pid: 21981 request unfulfilled...

./oss: [REQUEST] pid: 21978 proc: resID: 0
	-> [REQUEST] pid: 21978 request fulfilled...

./oss: [RELEASE] pid: 21980 proc: 1  resID: 8

./oss: [REQUEST] pid: 21986 proc: resID: 7
	-> [REQUEST] pid: 21986 request fulfilled...

./oss: [REQUEST] pid: 21987 proc: resID: 8
	-> [REQUEST] pid: 21987 request fulfilled...

./oss: [REQUEST] pid: 21982 proc: resID: 3
	-> [REQUEST] pid: 21982 request unfulfilled...

./oss: [RELEASE] pid: 21983 proc: 4  resID: 12

./oss: [PROC CREATE] pid: 21989

./oss: [RELEASE] pid: 21986 proc: 7  resID: 2

./oss: [REQUEST] pid: 21986 proc: resID: 7
	-> [REQUEST] pid: 21986 request fulfilled...

./oss: [REQUEST] pid: 21983 proc: resID: 4
	-> [REQUEST] pid: 21983 request unfulfilled...

./oss: [REQUEST] pid: 21985 proc: resID: 6
	-> [REQUEST] pid: 21985 request fulfilled...

./oss: [REQUEST] pid: 21980 proc: resID: 1
	-> [REQUEST] pid: 21980 request fulfilled...

./oss: [REQUEST] pid: 21989 proc: resID: 9
	-> [REQUEST] pid: 21989 request unfulfilled...

./oss: [REQUEST] pid: 21978 proc: resID: 0
	-> [REQUEST] pid: 21978 request fulfilled...

./oss: [REQUEST] pid: 21987 proc: resID: 8
	-> [REQUEST] pid: 21987 request unfulfilled...

./oss: [PROC CREATE] pid: 21990

./oss: [PROC CREATE] pid: 21991

./oss: [REQUEST] pid: 21980 proc: resID: 1
	-> [REQUEST] pid: 21980 request fulfilled...

./oss: [REQUEST] pid: 21990 proc: resID: 10
	-> [REQUEST] pid: 21990 request fulfilled...

./oss: [RELEASE] pid: 21985 proc: 6  resID: 0

./oss: [REQUEST] pid: 21991 proc: resID: 11
	-> [REQUEST] pid: 21991 request unfulfilled...

./oss: [REQUEST] pid: 21978 proc: resID: 0
	-> [REQUEST] pid: 21978 request fulfilled...

./oss: [REQUEST] pid: 21980 proc: resID: 1
	-> [REQUEST] pid: 21980 request fulfilled...

./oss: [RELEASE] pid: 21986 proc: 7  resID: 11

./oss: [PROC CREATE] pid: 21992

./oss: [REQUEST] pid: 21978 proc: resID: 0
	-> [REQUEST] pid: 21978 request fulfilled...

./oss: [REQUEST] pid: 21990 proc: resID: 10
	-> [REQUEST] pid: 21990 request unfulfilled...

./oss: [REQUEST] pid: 21992 proc: resID: 12
	-> [REQUEST] pid: 21992 request fulfilled...

./oss: [REQUEST] pid: 21985 proc: resID: 6
	-> [REQUEST] pid: 21985 request fulfilled...

./oss: [REQUEST] pid: 21985 proc: resID: 6
	-> [REQUEST] pid: 21985 request fulfilled...

./oss: [REQUEST] pid: 21980 proc: resID: 1
	-> [REQUEST] pid: 21980 request fulfilled...

./oss: [REQUEST] pid: 21978 proc: resID: 0
	-> [REQUEST] pid: 21978 request fulfilled...

./oss: [REQUEST] pid: 21986 proc: resID: 7
	-> [REQUEST] pid: 21986 request fulfilled...

./oss: [PROC CREATE] pid: 21993

./oss: [REQUEST] pid: 21992 proc: resID: 12
	-> [REQUEST] pid: 21992 request fulfilled...

./oss: [REQUEST] pid: 21985 proc: resID: 6
	-> [REQUEST] pid: 21985 request unfulfilled...

./oss: [REQUEST] pid: 21993 proc: resID: 13
	-> [REQUEST] pid: 21993 request fulfilled...

./oss: [REQUEST] pid: 21980 proc: resID: 1
	-> [REQUEST] pid: 21980 request fulfilled...

./oss: [REQUEST] pid: 21980 proc: resID: 1
	-> [REQUEST] pid: 21980 request fulfilled...

./oss: [RELEASE] pid: 21986 proc: 7  resID: 11

./oss: [REQUEST] pid: 21978 proc: resID: 0
	-> [REQUEST] pid: 21978 request unfulfilled...

./oss: [RELEASE] pid: 21980 proc: 1  resID: 4

./oss: [REQUEST] pid: 21980 proc: resID: 1
	-> [REQUEST] pid: 21980 request fulfilled...

./oss: [REQUEST] pid: 21993 proc: resID: 13
	-> [REQUEST] pid: 21993 request unfulfilled...

./oss: [REQUEST] pid: 21986 proc: resID: 7
	-> [REQUEST] pid: 21986 request fulfilled...

./oss: [TERMINATE] [DEADLOCK BUSTER PRO V1337.420.360noscope edition] pid: 21990 proc: 10

./oss: [TERMINATE] [DEADLOCK BUSTER PRO V1337.420.360noscope edition] pid: 21991 proc: 11

./oss: [REQUEST] [QUEUE] pid: 21986 request fulfilled...

./oss: [REQUEST] [QUEUE] pid: 21991 request fulfilled...

./oss: [PROC CREATE] pid: 21994

./oss: [REQUEST] pid: 21992 proc: resID: 12
	-> [REQUEST] pid: 21992 request unfulfilled...

./oss: [REQUEST] pid: 21994 proc: resID: 10
	-> [REQUEST] pid: 21994 request fulfilled...

./oss: [REQUEST] pid: 21980 proc: resID: 1
	-> [REQUEST] pid: 21980 request fulfilled...

./oss: [REQUEST] pid: 21980 proc: resID: 1
	-> [REQUEST] pid: 21980 request fulfilled...

./oss: [REQUEST] pid: 21994 proc: resID: 10
	-> [REQUEST] pid: 21994 request fulfilled...

./oss: [PROC CREATE] pid: 21995

./oss: [TERMINATE] pid: 21986 proc: 7

./oss: [REQUEST] pid: 21995 proc: resID: 11
	-> [REQUEST] pid: 21995 request unfulfilled...

./oss: [REQUEST] pid: 21980 proc: resID: 1
	-> [REQUEST] pid: 21980 request unfulfilled...

./oss: [REQUEST] pid: 21994 proc: resID: 10
	-> [REQUEST] pid: 21994 request unfulfilled...

./oss: [PROC CREATE] pid: 21996

./oss: [PROC CREATE] pid: 21997

./oss: [REQUEST] pid: 21997 proc: resID: 14
	-> [REQUEST] pid: 21997 request fulfilled...

./oss: [REQUEST] pid: 21997 proc: resID: 14
	-> [REQUEST] pid: 21997 request fulfilled...

./oss: [REQUEST] pid: 21997 proc: resID: 14
	-> [REQUEST] pid: 21997 request fulfilled...

./oss: [REQUEST] pid: 21996 proc: resID: 7
	-> [REQUEST] pid: 21996 request unfulfilled...

./oss: [PROC CREATE] pid: 21998

./oss: [REQUEST] pid: 21998 proc: resID: 15
	-> [REQUEST] pid: 21998 request fulfilled...

./oss: [REQUEST] pid: 21998 proc: resID: 15
	-> [REQUEST] pid: 21998 request unfulfilled...

./oss: [TERMINATE] [DEADLOCK BUSTER PRO V1337.420.360noscope edition] pid: 21978 proc: 0

./oss: [TERMINATE] [DEADLOCK BUSTER PRO V1337.420.360noscope edition] pid: 21980 proc: 1

./oss: [TERMINATE] [DEADLOCK BUSTER PRO V1337.420.360noscope edition] pid: 21981 proc: 2

./oss: [TERMINATE] [DEADLOCK BUSTER PRO V1337.420.360noscope edition] pid: 21982 proc: 3

./oss: [TERMINATE] [DEADLOCK BUSTER PRO V1337.420.360noscope edition] pid: 21983 proc: 4

./oss: [TERMINATE] [DEADLOCK BUSTER PRO V1337.420.360noscope edition] pid: 21984 proc: 5

./oss: [TERMINATE] [DEADLOCK BUSTER PRO V1337.420.360noscope edition] pid: 21985 proc: 6

./oss: [TERMINATE] [DEADLOCK BUSTER PRO V1337.420.360noscope edition] pid: 21996 proc: 7

./oss: [TERMINATE] [DEADLOCK BUSTER PRO V1337.420.360noscope edition] pid: 21987 proc: 8

./oss: [TERMINATE] [DEADLOCK BUSTER PRO V1337.420.360noscope edition] pid: 21989 proc: 9

./oss: [TERMINATE] [DEADLOCK BUSTER PRO V1337.420.360noscope edition] pid: 21994 proc: 10

./oss: [TERMINATE] [DEADLOCK BUSTER PRO V1337.420.360noscope edition] pid: 21995 proc: 11

./oss: [TERMINATE] [DEADLOCK BUSTER PRO V1337.420.360noscope edition] pid: 21992 proc: 12

./oss: [TERMINATE] [DEADLOCK BUSTER PRO V1337.420.360noscope edition] pid: 21993 proc: 13

./oss: [TERMINATE] [DEADLOCK BUSTER PRO V1337.420.360noscope edition] pid: 21998 proc: 15

./oss: [REQUEST] [QUEUE] pid: 21998 request fulfilled...

./oss: [REQUEST] [QUEUE] pid: 21978 request fulfilled...

./oss: [REQUEST] [QUEUE] pid: 21993 request fulfilled...

./oss: [REQUEST] [QUEUE] pid: 21984 request fulfilled...

./oss: [REQUEST] [QUEUE] pid: 21981 request fulfilled...

./oss: [REQUEST] [QUEUE] pid: 21982 request fulfilled...

./oss: [REQUEST] [QUEUE] pid: 21983 request fulfilled...

./oss: [REQUEST] [QUEUE] pid: 21989 request fulfilled...

./oss: [REQUEST] pid: 21997 proc: resID: 14
	-> [REQUEST] pid: 21997 request fulfilled...

./oss: [RELEASE] pid: 21997 proc: 14  resID: 7

./oss: [REQUEST] [QUEUE] pid: 21997 request fulfilled...

./oss: [REQUEST] [QUEUE] pid: 21985 request fulfilled...

./oss: [REQUEST] [QUEUE] pid: 21992 request fulfilled...

./oss: [REQUEST] [QUEUE] pid: 21995 request fulfilled...

./oss: [PROC CREATE] pid: 21999

./oss: [REQUEST] pid: 21999 proc: resID: 0
	-> [REQUEST] pid: 21999 request fulfilled...

./oss: [REQUEST] pid: 21999 proc: resID: 0
	-> [REQUEST] pid: 21999 request fulfilled...

./oss: [REQUEST] pid: 21999 proc: resID: 0
	-> [REQUEST] pid: 21999 request fulfilled...

./oss: [REQUEST] pid: 21997 proc: resID: 14
	-> [REQUEST] pid: 21997 request fulfilled...

./oss: [REQUEST] pid: 21999 proc: resID: 0
	-> [REQUEST] pid: 21999 request fulfilled...

./oss: [REQUEST] pid: 21999 proc: resID: 0
	-> [REQUEST] pid: 21999 request fulfilled...

./oss: [RELEASE] pid: 21997 proc: 14  resID: 9

./oss: [REQUEST] [QUEUE] pid: 21997 request fulfilled...

./oss: [REQUEST] [QUEUE] pid: 21994 request fulfilled...

./oss: [RELEASE] pid: 21999 proc: 0  resID: 8

./oss: [REQUEST] [QUEUE] pid: 21999 request fulfilled...

./oss: [REQUEST] pid: 21999 proc: resID: 0
	-> [REQUEST] pid: 21999 request fulfilled...

./oss: [REQUEST] pid: 21997 proc: resID: 14
	-> [REQUEST] pid: 21997 request fulfilled...

./oss: [REQUEST] pid: 21997 proc: resID: 14
	-> [REQUEST] pid: 21997 request fulfilled...

./oss: [RELEASE] pid: 21999 proc: 0  resID: 8

./oss: [RELEASE] pid: 21999 proc: 0  resID: 11

./oss: [REQUEST] pid: 21999 proc: resID: 0
	-> [REQUEST] pid: 21999 request fulfilled...

./oss: [REQUEST] pid: 21997 proc: resID: 14
	-> [REQUEST] pid: 21997 request fulfilled...

./oss: [RELEASE] pid: 21999 proc: 0  resID: 4

./oss: [REQUEST] pid: 21997 proc: resID: 14
	-> [REQUEST] pid: 21997 request fulfilled...

./oss: [REQUEST] pid: 21999 proc: resID: 0
	-> [REQUEST] pid: 21999 request fulfilled...

./oss: [REQUEST] pid: 21997 proc: resID: 14
	-> [REQUEST] pid: 21997 request fulfilled...

./oss: [REQUEST] pid: 21997 proc: resID: 14
	-> [REQUEST] pid: 21997 request unfulfilled...

./oss: [REQUEST] pid: 21999 proc: resID: 0
	-> [REQUEST] pid: 21999 request fulfilled...

./oss: [REQUEST] pid: 21999 proc: resID: 0
	-> [REQUEST] pid: 21999 request fulfilled...

./oss: [REQUEST] pid: 21999 proc: resID: 0
	-> [REQUEST] pid: 21999 request fulfilled...

./oss: [REQUEST] pid: 21999 proc: resID: 0
	-> [REQUEST] pid: 21999 request fulfilled...

./oss: [RELEASE] pid: 21999 proc: 0  resID: 2

./oss: [RELEASE] pid: 21999 proc: 0  resID: 3

./oss: [REQUEST] pid: 21999 proc: resID: 0
	-> [REQUEST] pid: 21999 request fulfilled...

./oss: [RELEASE] pid: 21999 proc: 0  resID: 12

./oss: [REQUEST] pid: 21999 proc: resID: 0
	-> [REQUEST] pid: 21999 request fulfilled...

./oss: [REQUEST] pid: 21999 proc: resID: 0
	-> [REQUEST] pid: 21999 request fulfilled...

./oss: [REQUEST] pid: 21999 proc: resID: 0
	-> [REQUEST] pid: 21999 request fulfilled...

./oss: [REQUEST] pid: 21999 proc: resID: 0
	-> [REQUEST] pid: 21999 request fulfilled...

./oss: [REQUEST] pid: 21999 proc: resID: 0
	-> [REQUEST] pid: 21999 request fulfilled...

./oss: [REQUEST] pid: 21999 proc: resID: 0
	-> [REQUEST] pid: 21999 request fulfilled...

./oss: [RELEASE] pid: 21999 proc: 0  resID: 1

./oss: [REQUEST] pid: 21999 proc: resID: 0
	-> [REQUEST] pid: 21999 request fulfilled...

./oss: [REQUEST] pid: 21999 proc: resID: 0
	-> [REQUEST] pid: 21999 request fulfilled...

./oss: [REQUEST] pid: 21999 proc: resID: 0
	-> [REQUEST] pid: 21999 request fulfilled...

./oss: [RELEASE] pid: 21999 proc: 0  resID: 1

./oss: [REQUEST] pid: 21999 proc: resID: 0
	-> [REQUEST] pid: 21999 request fulfilled...

./oss: [RELEASE] pid: 21999 proc: 0  resID: 4

./oss: [REQUEST] pid: 21999 proc: resID: 0
	-> [REQUEST] pid: 21999 request fulfilled...

./oss: [REQUEST] pid: 21999 proc: resID: 0
	-> [REQUEST] pid: 21999 request fulfilled...

./oss: [REQUEST] pid: 21999 proc: resID: 0
	-> [REQUEST] pid: 21999 request fulfilled...

./oss: [REQUEST] pid: 21999 proc: resID: 0
	-> [REQUEST] pid: 21999 request unfulfilled...

./oss: [TERMINATE] [DEADLOCK BUSTER PRO V1337.420.360noscope edition] pid: 21999 proc: 0

./oss: [TERMINATE] [DEADLOCK BUSTER PRO V1337.420.360noscope edition] pid: 21997 proc: 14

./oss: [REQUEST] [QUEUE] pid: 21999 request fulfilled...

./oss: [REQUEST] [QUEUE] pid: 21997 request fulfilled...

